2011-12-16 10:44:23 Error: [MissingDatasourceConfigException] The datasource configuration "default" was not found in database.php
#0 /Users/simkimsia/Sites/ombi60/lib/Cake/Model/ConnectionManager.php(91): ConnectionManager::_getConnectionObject('default')
#1 /Users/simkimsia/Sites/ombi60/lib/Cake/Model/Model.php(3214): ConnectionManager::getDataSource('default')
#2 /Users/simkimsia/Sites/ombi60/lib/Cake/Model/Model.php(1023): Model->setDataSource('default')
#3 /Users/simkimsia/Sites/ombi60/lib/Cake/Model/Model.php(3238): Model->setSource('cake_sessions')
#4 /Users/simkimsia/Sites/ombi60/lib/Cake/Model/Model.php(2460): Model->getDataSource()
#5 /Users/simkimsia/Sites/ombi60/lib/Cake/Model/Datasource/Session/DatabaseSession.php(95): Model->find('first', Array)
#6 [internal function]: DatabaseSession->read('f7nd83a2ts1u5h7...')
#7 /Users/simkimsia/Sites/ombi60/lib/Cake/Model/Datasource/CakeSession.php(614): session_start()
#8 /Users/simkimsia/Sites/ombi60/lib/Cake/Model/Datasource/CakeSession.php(194): CakeSession::_startSession()
#9 /Users/simkimsia/Sites/ombi60/lib/Cake/Model/Datasource/CakeSession.php(362): CakeSession::start()
#10 /Users/simkimsia/Sites/ombi60/lib/Cake/Controller/Component/SessionComponent.php(70): CakeSession::read('Config.userAgen...')
#11 /Users/simkimsia/Sites/ombi60/app/Plugin/DebugKit/Controller/Component/ToolbarComponent.php(130): SessionComponent->read('Config.userAgen...')
#12 /Users/simkimsia/Sites/ombi60/lib/Cake/Controller/ComponentCollection.php(97): ToolbarComponent->__construct(Object(ComponentCollection), Array)
#13 /Users/simkimsia/Sites/ombi60/mainsite/Controller/AppController.php(76): ComponentCollection->load('DebugKit.Toolba...')
#14 /Users/simkimsia/Sites/ombi60/mainsite/Controller/PagesController.php(63): AppController->beforeFilter()
#15 /Users/simkimsia/Sites/ombi60/lib/Cake/Controller/Controller.php(605): PagesController->beforeFilter()
#16 /Users/simkimsia/Sites/ombi60/lib/Cake/Routing/Dispatcher.php(104): Controller->startupProcess()
#17 /Users/simkimsia/Sites/ombi60/lib/Cake/Routing/Dispatcher.php(89): Dispatcher->_invoke(Object(PagesController), Object(CakeRequest), Object(CakeResponse))
#18 /Users/simkimsia/Sites/ombi60/mainsite/webroot/index.php(96): Dispatcher->dispatch(Object(CakeRequest), Object(CakeResponse))
#19 {main}
2011-12-16 10:45:19 Error: [MissingConnectionException] Database connection "SQLSTATE[28000] [1045] Access denied for user 'root'@'localhost' (using password: NO)" is missing, or could not be created.
#0 /Users/simkimsia/Sites/ombi60/lib/Cake/Model/Datasource/DboSource.php(244): Mysql->connect()
#1 /Users/simkimsia/Sites/ombi60/lib/Cake/Model/ConnectionManager.php(98): DboSource->__construct(Array)
#2 /Users/simkimsia/Sites/ombi60/lib/Cake/Model/Model.php(3214): ConnectionManager::getDataSource('default')
#3 /Users/simkimsia/Sites/ombi60/lib/Cake/Model/Model.php(1023): Model->setDataSource('default')
#4 /Users/simkimsia/Sites/ombi60/lib/Cake/Model/Model.php(3238): Model->setSource('cake_sessions')
#5 /Users/simkimsia/Sites/ombi60/lib/Cake/Model/Model.php(2460): Model->getDataSource()
#6 /Users/simkimsia/Sites/ombi60/lib/Cake/Model/Datasource/Session/DatabaseSession.php(95): Model->find('first', Array)
#7 [internal function]: DatabaseSession->read('q1c2luvufvu3jer...')
#8 /Users/simkimsia/Sites/ombi60/lib/Cake/Model/Datasource/CakeSession.php(614): session_start()
#9 /Users/simkimsia/Sites/ombi60/lib/Cake/Model/Datasource/CakeSession.php(194): CakeSession::_startSession()
#10 /Users/simkimsia/Sites/ombi60/lib/Cake/Model/Datasource/CakeSession.php(362): CakeSession::start()
#11 /Users/simkimsia/Sites/ombi60/lib/Cake/Controller/Component/SessionComponent.php(70): CakeSession::read('Config.userAgen...')
#12 /Users/simkimsia/Sites/ombi60/app/Plugin/DebugKit/Controller/Component/ToolbarComponent.php(130): SessionComponent->read('Config.userAgen...')
#13 /Users/simkimsia/Sites/ombi60/lib/Cake/Controller/ComponentCollection.php(97): ToolbarComponent->__construct(Object(ComponentCollection), Array)
#14 /Users/simkimsia/Sites/ombi60/mainsite/Controller/AppController.php(76): ComponentCollection->load('DebugKit.Toolba...')
#15 /Users/simkimsia/Sites/ombi60/mainsite/Controller/PagesController.php(63): AppController->beforeFilter()
#16 /Users/simkimsia/Sites/ombi60/lib/Cake/Controller/Controller.php(605): PagesController->beforeFilter()
#17 /Users/simkimsia/Sites/ombi60/lib/Cake/Routing/Dispatcher.php(104): Controller->startupProcess()
#18 /Users/simkimsia/Sites/ombi60/lib/Cake/Routing/Dispatcher.php(89): Dispatcher->_invoke(Object(PagesController), Object(CakeRequest), Object(CakeResponse))
#19 /Users/simkimsia/Sites/ombi60/mainsite/webroot/index.php(96): Dispatcher->dispatch(Object(CakeRequest), Object(CakeResponse))
#20 {main}
2011-12-16 10:45:38 Error: [MissingControllerException] Controller class SignupController could not be found.
#0 /Users/simkimsia/Sites/ombi60/mainsite/webroot/index.php(96): Dispatcher->dispatch(Object(CakeRequest), Object(CakeResponse))
#1 {main}
2011-12-16 10:45:38 Error: [MissingControllerException] Controller class SignupController could not be found.
#0 /Users/simkimsia/Sites/ombi60/mainsite/webroot/index.php(96): Dispatcher->dispatch(Object(CakeRequest), Object(CakeResponse))
#1 {main}
2011-12-16 10:45:38 Error: [MissingControllerException] Controller class SignupController could not be found.
#0 /Users/simkimsia/Sites/ombi60/mainsite/webroot/index.php(96): Dispatcher->dispatch(Object(CakeRequest), Object(CakeResponse))
#1 {main}
2011-12-16 10:45:38 Error: [MissingControllerException] Controller class SignupController could not be found.
#0 /Users/simkimsia/Sites/ombi60/mainsite/webroot/index.php(96): Dispatcher->dispatch(Object(CakeRequest), Object(CakeResponse))
#1 {main}
2011-12-16 10:45:44 Error: [MissingControllerException] Controller class SignupController could not be found.
#0 /Users/simkimsia/Sites/ombi60/mainsite/webroot/index.php(96): Dispatcher->dispatch(Object(CakeRequest), Object(CakeResponse))
#1 {main}
2011-12-16 10:45:44 Error: [MissingControllerException] Controller class SignupController could not be found.
#0 /Users/simkimsia/Sites/ombi60/mainsite/webroot/index.php(96): Dispatcher->dispatch(Object(CakeRequest), Object(CakeResponse))
#1 {main}
2011-12-16 10:45:44 Error: [MissingControllerException] Controller class SignupController could not be found.
#0 /Users/simkimsia/Sites/ombi60/mainsite/webroot/index.php(96): Dispatcher->dispatch(Object(CakeRequest), Object(CakeResponse))
#1 {main}
2011-12-16 10:45:44 Error: [MissingControllerException] Controller class SignupController could not be found.
#0 /Users/simkimsia/Sites/ombi60/mainsite/webroot/index.php(96): Dispatcher->dispatch(Object(CakeRequest), Object(CakeResponse))
#1 {main}
2011-12-16 10:47:32 Error: Array
(
    [to] => /Users/simkimsia/Sites/ombi60/app/View/Themed/49Cover
    [from] => /Users/simkimsia/Sites/ombi60/app/View/Themed/Default
    [chmod] => 509
)

2011-12-16 10:47:33 Error: [MissingActionException] Action MerchantsController::images() could not be found.
#0 /Users/simkimsia/Sites/ombi60/lib/Cake/Routing/Dispatcher.php(107): Controller->invokeAction(Object(CakeRequest))
#1 /Users/simkimsia/Sites/ombi60/lib/Cake/Routing/Dispatcher.php(89): Dispatcher->_invoke(Object(MerchantsController), Object(CakeRequest), Object(CakeResponse))
#2 /Users/simkimsia/Sites/ombi60/mainsite/webroot/index.php(96): Dispatcher->dispatch(Object(CakeRequest), Object(CakeResponse))
#3 {main}
2011-12-16 10:47:33 Error: [MissingActionException] Action MerchantsController::images() could not be found.
#0 /Users/simkimsia/Sites/ombi60/lib/Cake/Routing/Dispatcher.php(107): Controller->invokeAction(Object(CakeRequest))
#1 /Users/simkimsia/Sites/ombi60/lib/Cake/Routing/Dispatcher.php(89): Dispatcher->_invoke(Object(MerchantsController), Object(CakeRequest), Object(CakeResponse))
#2 /Users/simkimsia/Sites/ombi60/mainsite/webroot/index.php(96): Dispatcher->dispatch(Object(CakeRequest), Object(CakeResponse))
#3 {main}
2011-12-16 10:47:33 Error: [MissingActionException] Action MerchantsController::images() could not be found.
#0 /Users/simkimsia/Sites/ombi60/lib/Cake/Routing/Dispatcher.php(107): Controller->invokeAction(Object(CakeRequest))
#1 /Users/simkimsia/Sites/ombi60/lib/Cake/Routing/Dispatcher.php(89): Dispatcher->_invoke(Object(MerchantsController), Object(CakeRequest), Object(CakeResponse))
#2 /Users/simkimsia/Sites/ombi60/mainsite/webroot/index.php(96): Dispatcher->dispatch(Object(CakeRequest), Object(CakeResponse))
#3 {main}
2011-12-16 10:47:33 Error: [MissingActionException] Action MerchantsController::images() could not be found.
#0 /Users/simkimsia/Sites/ombi60/lib/Cake/Routing/Dispatcher.php(107): Controller->invokeAction(Object(CakeRequest))
#1 /Users/simkimsia/Sites/ombi60/lib/Cake/Routing/Dispatcher.php(89): Dispatcher->_invoke(Object(MerchantsController), Object(CakeRequest), Object(CakeResponse))
#2 /Users/simkimsia/Sites/ombi60/mainsite/webroot/index.php(96): Dispatcher->dispatch(Object(CakeRequest), Object(CakeResponse))
#3 {main}
